{u'app_id': u'lstp.edw.rd.movedm_edw_tblnewhomessubdivisiondim', u's3_location': u'move-dataeng-lstp-dev/edw/raw-data/data/MoveDM_EDW_tblNewHomesSubdivisionDim'}
{u'app_id': u'lstp.edw.rd.movedm_edw_tblcommunitymanagementdim', u's3_location': u'move-dataeng-lstp-dev/edw/raw-data/data/MoveDM_EDW_tblCommunityManagementDim'}
{u'app_id': u'geo.gis.rd.gis_dbo_zarea_type', u's3_location': u'move-dataeng-geo-dev/gis/raw-data/data/GIS_dbo_zArea_Type'}
{u'app_id': u'cnpd.mapi.pdt.mapi', u's3_location': u'move-dataeng-mapi-dev/processed-data-xact/mapi'}
{u'app_id': u'geo.xgeo.rd.xgeo_dbo_zmsa', u's3_location': u'move-dataeng-geo-dev/xgeo/raw-data/data/xGeo_dbo_zMSA'}
{u'app_id': u'lstp.edw.rd.movedm_edw_tblnewhomesplandim', u's3_location': u'move-dataeng-lstp-dev/edw/raw-data/data/MoveDM_EDW_tblNewHomesPlanDim'}
{u'app_id': u'geo.xgeo.pdt.geo_subregion', u's3_location': u'move-dataeng-geo-dev/xgeo/processed-data-xact/geo_subregion'}
{u'app_id': u'geo.gis.rd.gis_dbo_zarea_data_source', u's3_location': u'move-dataeng-geo-dev/gis/raw-data/data/GIS_dbo_zArea_Data_Source'}
{u'app_id': u'cust.lapi.rd.licensing_product_add', u's3_location': u'move-dataeng-self-service-dev/self-service/dataeng-licensing-api/licensing_product_add/raw-data'}
{u'app_id': u'geo.xgeo.rd.xgeo_dbo_zstate', u's3_location': u'move-dataeng-geo-dev/xgeo/raw-data/data/xGeo_dbo_zState'}
{u'app_id': u'lstp.edw.pd.movedm_edw_tblpropertydim', u's3_location': u'move-dataeng-lstp-dev/edw/processed-data/MoveDM_EDW_tblPropertyDim'}
{u'app_id': u'geo.xgeo.pdt.geo_msa', u's3_location': u'move-dataeng-geo-dev/xgeo/processed-data-xact/geo_msa'}
{u'app_id': u'geo.gis.rd.gis_dbo_zarea_logical_type', u's3_location': u'move-dataeng-geo-dev/gis/raw-data/data/GIS_dbo_zArea_Logical_Type'}
{u'app_id': u'cust.lapi.rd.licensing_product_settings_change', u's3_location': u'move-dataeng-self-service-dev/self-service/dataeng-licensing-api/licensing_product_settings_change/raw-data'}
{u'app_id': u'leads.edw.rd.movedm_edw_tblleadtransactionalfact', u's3_location': u'move-dataeng-leads-dev/edw/raw-data/data/MoveDM_EDW_tblLeadTransactionalFact'}
{u'app_id': u'lstp.edw.pd.movedm_edw_tblnewhomessubdivisiondim', u's3_location': u'move-dataeng-lstp-dev/edw/processed-data/MoveDM_EDW_tblNewHomesSubdivisionDim'}
{u'app_id': u'cnpd.mapi.pd.mapi', u's3_location': u'move-dataeng-mapi-dev/processed-data/mapi'}
{u'app_id': u'geo.xgeo.pdt.geo_msa_minor', u's3_location': u'move-dataeng-geo-dev/xgeo/processed-data-xact/geo_msa_minor'}
{u'app_id': u'leads.edw.rd.leads_test', u's3_location': u'move-dataeng-quality-eng-dev/stephtest/raw-data'}
{u'app_id': u'test.rachit.rd.default', u's3_location': u'rachit-test/beanstalk'}
{u'app_id': u'geo.xgeo.rd.xgeo_dbo_zpostal_code', u's3_location': u'move-dataeng-geo-dev/xgeo/raw-data/data/xGeo_dbo_zPostal_Code'}
{u'app_id': u'lstp.edw.pd.movedm_edw_tbllistingdim', u's3_location': u'move-dataeng-lstp-dev/edw/processed-data/MoveDM_EDW_tblListingDim'}
{u'app_id': u'cnsm.sgrd.rd.sendgrid_event', u's3_location': u'move-dataeng-cnsm-dev/sgrd/raw-data/data/sendgrid_event'}
{u'app_id': u'geo.gis.rd.gis_dbo_zrelationship_type', u's3_location': u'move-dataeng-geo-dev/gis/raw-data/data/GIS_dbo_zRelationship_Type'}
{u'app_id': u'cust.lapi.rd.licensing_product_remove', u's3_location': u'move-dataeng-self-service-dev/self-service/dataeng-licensing-api/licensing_product_remove/raw-data'}
{u'app_id': u'cnpd.mapi.rd.default', u's3_location': u'move-dataeng-mapi-dev/raw-data'}
{u'app_id': u'geo.xgeo.pdt.geo_country', u's3_location': u'move-dataeng-geo-dev/xgeo/processed-data-xact/geo_country'}
{u'app_id': u'geo.gis.rd.gis_dbo_zarea_attribute', u's3_location': u'move-dataeng-geo-dev/gis/raw-data/data/GIS_dbo_zArea_Attribute'}
{u'app_id': u'geo.xgeo.pdt.geo_county', u's3_location': u'move-dataeng-geo-dev/xgeo/processed-data-xact/geo_county'}
{u'app_id': u'geo.gis.rd.gis_dbo_area_relationship', u's3_location': u'move-dataeng-geo-dev/gis/raw-data/data/GIS_dbo_Area_Relationship'}
{u'app_id': u'lstp.edw.pd.movedm_edw_tblcommunitydim', u's3_location': u'move-dataeng-lstp-dev/edw/processed-data/MoveDM_EDW_tblCommunityDim'}
{u'app_id': u'geo.xgeo.rd.xgeo_dbo_zcounty_type', u's3_location': u'move-dataeng-geo-dev/xgeo/raw-data/data/xGeo_dbo_zCounty_Type'}
{u'app_id': u'cust.papi.rd.ft_rd_profile_api', u's3_location': u'move-dataeng-quality-eng-dev/functional_tests/Automation/PDT/cust/profile_api/raw-data'}
{u'app_id': u'lstp.edw.rd.movedm_edw_tblcommunitydim', u's3_location': u'move-dataeng-lstp-dev/edw/raw-data/data/MoveDM_EDW_tblCommunityDim'}
{u'app_id': u'geo.xgeo.rd.xgeo_dbo_zregion', u's3_location': u'move-dataeng-geo-dev/xgeo/raw-data/data/xGeo_dbo_zRegion'}
{u'app_id': u'cust.lapi.rd.licensing_user_update', u's3_location': u'move-dataeng-self-service-dev/self-service/dataeng-licensing-api/licensing_user_update/raw-data'}
{u'app_id': u'cust.papi.rd.profile_api', u's3_location': u'move-dataeng-pull-service-prod/profile_api/raw-data'}
{u'app_id': u'geo.xgeo.rd.xgeo_dbo_zneighborhood', u's3_location': u'move-dataeng-geo-dev/xgeo/raw-data/data/xGeo_dbo_zNeighborhood'}
{u'app_id': u'cust.cdh.rd.cdh_apps_move_hz_relationships', u's3_location': u'move-dataeng-cust-dev/cdh/raw-data/header/CDH_APPS_Move_Hz_Relationships'}
{u'app_id': u'cnpd.omtr.rd.ft_rd_omni_default', u's3_location': u'move-dataeng-quality-eng-dev/functional_tests/Automation/PDT/omni/raw-data-rd-uncompressed/hit-data'}
{u'frequency': u'streaming|horly|daily|weekly|monthly|yearly', u'app_id': u'kjkewjre..rewrew.rewrew', u'schedule': u'* * * * *', u's3_location': u's3://....'}
{u'app_id': u'geo.gis.rd.gis_dbo_zarea_action', u's3_location': u'move-dataeng-geo-dev/gis/raw-data/data/GIS_dbo_zArea_Action'}
{u'app_id': u'geo.gis.rd.gis_dbo_area_alias', u's3_location': u'move-dataeng-geo-dev/gis/raw-data/data/GIS_dbo_Area_Alias'}
{u'app_id': u'geo.gis.rd.gis_dbo_area_logical', u's3_location': u'move-dataeng-geo-dev/gis/raw-data/data/GIS_dbo_Area_Logical'}
{u'app_id': u'geo.xgeo.pdt.geo_region', u's3_location': u'move-dataeng-geo-dev/xgeo/processed-data-xact/geo_region'}
{u'app_id': u'lstp.edw.pd.movedm_edw_tblcommunitymanagementdim', u's3_location': u'move-dataeng-lstp-dev/edw/processed-data/MoveDM_EDW_tblCommunityManagementDim'}
{u'app_id': u'cnpd.omtr.pdt.ft_pdt_omni_stage', u's3_location': u'move-dataeng-quality-eng-dev/functional_tests/Automation/PDT/omni/processed-data-xact/hit-data'}
{u'app_id': u'geo.gis.rd.gis_dbo_area_attribute', u's3_location': u'move-dataeng-geo-dev/gis/raw-data/data/GIS_dbo_Area_Attribute'}
{u'app_id': u'geo.gis.rd.gis_dbo_area', u's3_location': u'move-dataeng-geo-dev/gis/raw-data/data/GIS_dbo_Area'}
{u'app_id': u'cust.cdh.rd.cdh_mktgmdm_move_lf_cdh_account_v', u's3_location': u'move-dataeng-cust-dev/cdh/raw-data/header/CDH_MKTGMDM_MOVE_LF_CDH_ACCOUNT_V'}
{u'app_id': u'leads.lcs.rd.default', u's3_location': u'move-dataeng-leads-dev/raw-data'}
{u'app_id': u'geo.gis.rd.gis_dbo_zattribute_group', u's3_location': u'move-dataeng-geo-dev/gis/raw-data/data/GIS_dbo_zAttribute_Group'}
{u'app_id': u'geo.xgeo.rd.xgeo_dbo_zcountry', u's3_location': u'move-dataeng-geo-dev/xgeo/raw-data/data/xGeo_dbo_zCountry'}
{u'app_id': u'geo.xgeo.pdt.geo_county_type', u's3_location': u'move-dataeng-geo-dev/xgeo/processed-data-xact/geo_county_type'}
{u'app_id': u'geo.gis.rd.gis_dbo_area_search', u's3_location': u'move-dataeng-geo-dev/gis/raw-data/data/GIS_dbo_Area_Search'}
{u'app_id': u'cust.cdh.rd.cdh_cdhdb_move_orig_sys_references_v', u's3_location': u'move-dataeng-cust-dev/cdh/raw-data/header/CDH_CDHDB_Move_Orig_Sys_References_V'}
{u'app_id': u'lstp.edw.pd.movedm_edw_tblbuilderdim', u's3_location': u'move-dataeng-lstp-dev/edw/processed-data/MoveDM_EDW_tblBuilderDim'}
{u'app_id': u'leads.edw.rd.ft_rd_edw_leadtransactionalfact', u's3_location': u'move-dataeng-quality-eng-dev/functional_tests/Automation/PDT/edw_leads/raw-data/data/ft_rd_edw_leadtransactionalfact'}
{u'app_id': u'geo.xgeo.rd.xgeo_dbo_zsubregion', u's3_location': u'move-dataeng-geo-dev/xgeo/raw-data/data/xGeo_dbo_zSubRegion'}
{u'app_id': u'cust.lapi.rd.licensing_user_create', u's3_location': u'move-dataeng-self-service-dev/self-service/dataeng-licensing-api/licensing_user_create/raw-data'}
{u'app_id': u'geo.gis.rd.gis_dbo_area_geography', u's3_location': u'move-dataeng-geo-dev/gis/raw-data/data/GIS_dbo_Area_Geography'}
{u'app_id': u'geo.xgeo.pdt.geo_state', u's3_location': u'move-dataeng-geo-dev/xgeo/processed-data-xact/geo_state'}
{u'app_id': u'geo.xgeo.rd.xgeo_dbo_zcounty', u's3_location': u'move-dataeng-geo-dev/xgeo/raw-data/data/xGeo_dbo_zCounty'}
{u'app_id': u'lstp.edw.rd.movedm_edw_tbllistingdim', u's3_location': u'move-dataeng-lstp-dev/edw/raw-data/data/MoveDM_EDW_tblListingDim'}
{u'app_id': u'geo.xgeo.pdt.geo_postal_code', u's3_location': u'move-dataeng-geo-dev/xgeo/processed-data-xact/geo_postal_code'}
{u'app_id': u'geo.gis.rd.gis_dbo_zrelationship_group', u's3_location': u'move-dataeng-geo-dev/gis/raw-data/data/GIS_dbo_zRelationship_Group'}
{u'app_id': u'geo.gis.rd.gis_dbo_zstatus_type', u's3_location': u'move-dataeng-geo-dev/gis/raw-data/data/GIS_dbo_zStatus_Type'}
{u'app_id': u'cnpd.dtm.rd.dtm', u's3_location': u'move-dataeng-dtm-dev/raw-data'}
{u'app_id': u'lstp.edw.rd.movedm_edw_tblpropertydim', u's3_location': u'move-dataeng-lstp-dev/edw/raw-data/data/MoveDM_EDW_tblPropertyDim'}
{u'app_id': u'lstp.edw.rd.movedm_edw_tblbuilderdim', u's3_location': u'move-dataeng-lstp-dev/edw/raw-data/data/MoveDM_EDW_tblBuilderDim'}
{u'app_id': u'cnpd.omtr.rd.browser', u's3_location': u'move-dataeng-omniture-dev/raw-data-rd-uncompressed/browser'}
{u'app_id': u'geo.gis.rd.gis_dbo_area_history', u's3_location': u'move-dataeng-geo-dev/gis/raw-data/data/GIS_dbo_Area_History'}
{u'app_id': u'cnpd.omtr.rd.default', u's3_location': u'move-dataeng-omniture-dev/raw-data-rd-uncompressed/hit_data'}
{u'app_id': u'geo.xgeo.rd.xgeo_dbo_zmsa_minor', u's3_location': u'move-dataeng-geo-dev/xgeo/raw-data/data/xGeo_dbo_zMSA_Minor'}
{u'app_id': u'inv.invapi.rd.inventory_api', u's3_location': u'move-dataeng-inv-dev/invapi/raw-data/data'}
{u'app_id': u'cnpd.omtr.pdt.hit_data', u's3_location': u'move-dataeng-omniture-prod/homerealtor/processed-data-xact/hit_data'}
{u'app_id': u'cnpd.omtr.rd.browser_type', u's3_location': u'move-dataeng-omniture-dev/raw-data-rd-uncompressed/browser_type'}
{u'app_id': u'cust.cdh.rd.cdh_mktgmdm_move_lf_cdh_mlsset_v', u's3_location': u'move-dataeng-cust-dev/cdh/raw-data/header/CDH_MKTGMDM_MOVE_LF_CDH_MLSSET_V'}
{u'app_id': u'lstp.edw.pd.movedm_edw_tblnewhomesplandim', u's3_location': u'move-dataeng-lstp-dev/edw/processed-data/MoveDM_EDW_tblNewHomesPlanDim'}
{u'app_id': u'geo.gis.rd.gis_dbo_zgeography_type', u's3_location': u'move-dataeng-geo-dev/gis/raw-data/data/GIS_dbo_zGeography_Type'}
{u'app_id': u'cust.papi.rd.profile_api', u's3_location': u'move-dataeng-pull-service-dev/profile_api/raw-data'}
{u'app_id': u'geo.xgeo.pdt.geo_neighborhood', u's3_location': u'move-dataeng-geo-dev/xgeo/processed-data-xact/geo_neighborhood'}
